<?xml version="1.0" encoding="UTF-8"?><testrun name="ApiRunner" project="Api_Automation" tests="1" started="1" failures="0" errors="1" ignored="0">
  <testsuite name="com.qa.runnerApi.ApiRunner" time="0.001">
    <testcase name="initializationError" classname="com.qa.runnerApi.ApiRunner" time="0.001">
      <error>cucumber.runtime.CucumberException: Error parsing feature file D:/MyStudy/BDD/JITAutomation/Api_Automation/src/main/resources/com/qa/featuresApi/OrgFeature.feature&#13;
	at cucumber.runtime.FeatureBuilder.parse(FeatureBuilder.java:133)&#13;
	at cucumber.runtime.model.CucumberFeature.loadFromFeaturePath(CucumberFeature.java:104)&#13;
	at cucumber.runtime.model.CucumberFeature.load(CucumberFeature.java:54)&#13;
	at cucumber.runtime.model.CucumberFeature.load(CucumberFeature.java:34)&#13;
	at cucumber.runtime.RuntimeOptions.cucumberFeatures(RuntimeOptions.java:239)&#13;
	at cucumber.api.junit.Cucumber.&lt;init&gt;(Cucumber.java:62)&#13;
	at sun.reflect.NativeConstructorAccessorImpl.newInstance0(Native Method)&#13;
	at sun.reflect.NativeConstructorAccessorImpl.newInstance(Unknown Source)&#13;
	at sun.reflect.DelegatingConstructorAccessorImpl.newInstance(Unknown Source)&#13;
	at java.lang.reflect.Constructor.newInstance(Unknown Source)&#13;
	at org.junit.internal.builders.AnnotatedBuilder.buildRunner(AnnotatedBuilder.java:104)&#13;
	at org.junit.internal.builders.AnnotatedBuilder.runnerForClass(AnnotatedBuilder.java:86)&#13;
	at org.junit.runners.model.RunnerBuilder.safeRunnerForClass(RunnerBuilder.java:59)&#13;
	at org.junit.internal.builders.AllDefaultPossibilitiesBuilder.runnerForClass(AllDefaultPossibilitiesBuilder.java:26)&#13;
	at org.junit.runners.model.RunnerBuilder.safeRunnerForClass(RunnerBuilder.java:59)&#13;
	at org.junit.internal.requests.ClassRequest.getRunner(ClassRequest.java:33)&#13;
	at org.eclipse.jdt.internal.junit4.runner.JUnit4TestLoader.createUnfilteredTest(JUnit4TestLoader.java:87)&#13;
	at org.eclipse.jdt.internal.junit4.runner.JUnit4TestLoader.createTest(JUnit4TestLoader.java:73)&#13;
	at org.eclipse.jdt.internal.junit4.runner.JUnit4TestLoader.loadTests(JUnit4TestLoader.java:46)&#13;
	at org.eclipse.jdt.internal.junit.runner.RemoteTestRunner.runTests(RemoteTestRunner.java:522)&#13;
	at org.eclipse.jdt.internal.junit.runner.RemoteTestRunner.runTests(RemoteTestRunner.java:760)&#13;
	at org.eclipse.jdt.internal.junit.runner.RemoteTestRunner.run(RemoteTestRunner.java:460)&#13;
	at org.eclipse.jdt.internal.junit.runner.RemoteTestRunner.main(RemoteTestRunner.java:206)&#13;
Caused by: gherkin.lexer.LexingError: Lexing error on line 8: 'when Set HEADER param response accept type as json type	&#13;
	When Raise GET HTTP request &#13;
	Then Valid HTTP response should be received &#13;
	Then Response http code should be 200	 &#13;
	Then Response BODY should not be null or empty &#13;
	 
%_FEATURE_END_%'. See http://wiki.github.com/cucumber/gherkin/lexingerror for more information.&#13;
	at gherkin.lexer.En.scan(En.java:872)&#13;
	at gherkin.lexer.I18nLexer.scan(I18nLexer.java:36)&#13;
	at gherkin.parser.Parser.parse(Parser.java:62)&#13;
	at cucumber.runtime.FeatureBuilder.parse(FeatureBuilder.java:131)&#13;
	... 22 more&#13;
&#13;
</error>
    </testcase>
  </testsuite>
</testrun>
