<?xml version="1.0" encoding="UTF-8"?><testrun name="TestRunner" project="JITAutomationBdd" tests="5" started="5" failures="2" errors="0" ignored="1">
  <testsuite name="com.qa.runner.TestRunner" time="9.932">
    <testsuite name="Feature: Just Recharge It feature" time="9.932">
      <testsuite name="Scenario: Sign in to Just recharge it" time="7.813" incomplete="true">
        <failure>junit.framework.AssertionFailedError: expected:&lt;true&gt; but was:&lt;false&gt;&#13;
	at junit.framework.Assert.fail(Assert.java:57)&#13;
	at junit.framework.Assert.failNotEquals(Assert.java:329)&#13;
	at junit.framework.Assert.assertEquals(Assert.java:78)&#13;
	at junit.framework.Assert.assertEquals(Assert.java:174)&#13;
	at junit.framework.Assert.assertEquals(Assert.java:181)&#13;
	at com.qa.stepDefinitions.SignInStepDefinition.user_clicks_on_Secure_Sign_In_button(SignInStepDefinition.java:97)&#13;
	at ✽.Then User clicks on Secure Sign In button(D:/MyStudy/JITAutomationBdd/src/test/java/com/qa/features/JustRechargeIt.feature:7)&#13;
&#13;
</failure>
        <testcase name="Given User is on start page of JIT website" classname="Scenario: Sign in to Just recharge it" time="1.804"/>
        <testcase name="When User clicks on Sign in link" classname="Scenario: Sign in to Just recharge it" time="0.382"/>
        <testcase name="Then User enters username and password to Sign in" classname="Scenario: Sign in to Just recharge it" time="5.623"/>
        <testcase name="Then User clicks on Secure Sign In button" classname="Scenario: Sign in to Just recharge it" time="0.004">
          <failure>junit.framework.AssertionFailedError: expected:&lt;true&gt; but was:&lt;false&gt;&#13;
	at junit.framework.Assert.fail(Assert.java:57)&#13;
	at junit.framework.Assert.failNotEquals(Assert.java:329)&#13;
	at junit.framework.Assert.assertEquals(Assert.java:78)&#13;
	at junit.framework.Assert.assertEquals(Assert.java:174)&#13;
	at junit.framework.Assert.assertEquals(Assert.java:181)&#13;
	at com.qa.stepDefinitions.SignInStepDefinition.user_clicks_on_Secure_Sign_In_button(SignInStepDefinition.java:97)&#13;
	at ✽.Then User clicks on Secure Sign In button(D:/MyStudy/JITAutomationBdd/src/test/java/com/qa/features/JustRechargeIt.feature:7)&#13;
&#13;
</failure>
        </testcase>
        <testcase name="Then User open my accounts page" classname="Scenario: Sign in to Just recharge it" time="2.109" ignored="true"/>
      </testsuite>
    </testsuite>
  </testsuite>
</testrun>
